app/build/outputs/logs/manifest-merger-debug-report.txt
-- Merging decision tree log ---
manifest
ADDED from src\main\AndroidManifest.xml:2:1-84:12
	package
		ADDED from src\main\AndroidManifest.xml:3:5-33
		INJECTED from src\main\AndroidManifest.xml
		INJECTED from src\main\AndroidManifest.xml
	android:versionName
		ADDED from src\main\AndroidManifest.xml:6:5-46
		INJECTED from src\main\AndroidManifest.xml
		INJECTED from src\main\AndroidManifest.xml
	android:versionCode
		ADDED from src\main\AndroidManifest.xml:5:5-28
		INJECTED from src\main\AndroidManifest.xml
		INJECTED from src\main\AndroidManifest.xml
	xmlns:android
		ADDED from src\main\AndroidManifest.xml:2:11-69
	android:installLocation
		ADDED from src\main\AndroidManifest.xml:4:5-35
uses-permission#android.permission.READ_CONTACTS
ADDED from src\main\AndroidManifest.xml:7:5-88
	android:name
		ADDED from src\main\AndroidManifest.xml:7:22-69
uses-permission#android.permission.WRITE_CONTACTS
ADDED from src\main\AndroidManifest.xml:8:5-89
	android:name
		ADDED from src\main\AndroidManifest.xml:8:22-70
uses-sdk
ADDED from src\main\AndroidManifest.xml:10:5-74
MERGED from [com.android.support:multidex:1.0.1] AndroidManifest.xml:18:5-42
MERGED from [com.google.android.gms:play-services:10.2.4] AndroidManifest.xml:4:5-43
MERGED from [com.google.android.gms:play-services-ads:10.2.4] AndroidManifest.xml:17:5-43
MERGED from [com.google.android.gms:play-services-ads-lite:10.2.4] AndroidManifest.xml:22:5-43
MERGED from [com.google.android.gms:play-services-analytics:10.2.4] AndroidManifest.xml:17:5-43
MERGED from [com.google.android.gms:play-services-appinvite:10.2.4] AndroidManifest.xml:17:5-43
MERGED from [com.google.android.gms:play-services-auth:10.2.4] AndroidManifest.xml:17:5-43
MERGED from [com.google.android.gms:play-services-auth-base:10.2.4] AndroidManifest.xml:4:5-43
MERGED from [com.google.android.gms:play-services-cast-framework:10.2.4] AndroidManifest.xml:3:5-43
MERGED from [com.google.android.gms:play-services-cast:10.2.4] AndroidManifest.xml:17:5-43
MERGED from [com.android.support:mediarouter-v7:24.0.0] AndroidManifest.xml:20:5-43
MERGED from [com.android.support:palette-v7:24.0.0] AndroidManifest.xml:20:5-43
MERGED from [com.android.support:appcompat-v7:24.0.0] AndroidManifest.xml:21:5-23:78
MERGED from [com.android.support:animated-vector-drawable:24.0.0] AndroidManifest.xml:20:5-44
MERGED from [com.android.support:support-vector-drawable:24.0.0] AndroidManifest.xml:21:5-43
MERGED from [com.google.android.gms:play-services-clearcut:10.2.4] AndroidManifest.xml:17:5-43
MERGED from [com.google.firebase:firebase-config:10.2.4] AndroidManifest.xml:17:5-43
MERGED from [com.google.android.gms:play-services-awareness:10.2.4] AndroidManifest.xml:17:5-43
MERGED from [com.google.firebase:firebase-crash:10.2.4] AndroidManifest.xml:20:5-43
MERGED from [com.google.firebase:firebase-auth:10.2.4] AndroidManifest.xml:17:5-43
MERGED from [com.google.firebase:firebase-database:10.2.4] AndroidManifest.xml:3:5-43
MERGED from [com.google.firebase:firebase-database-connection:10.2.4] AndroidManifest.xml:3:5-43
MERGED from [com.google.firebase:firebase-messaging:10.2.4] AndroidManifest.xml:17:5-43
MERGED from [com.google.firebase:firebase-storage:10.2.4] AndroidManifest.xml:3:5-43
MERGED from [com.google.firebase:firebase-storage-common:10.2.4] AndroidManifest.xml:3:5-43
MERGED from [com.google.android.gms:play-services-fitness:10.2.4] AndroidManifest.xml:17:5-43
MERGED from [com.google.android.gms:play-services-games:10.2.4] AndroidManifest.xml:17:5-43
MERGED from [com.google.android.gms:play-services-drive:10.2.4] AndroidManifest.xml:17:5-43
MERGED from [com.google.android.gms:play-services-gass:10.2.4] AndroidManifest.xml:3:5-43
MERGED from [com.google.android.gms:play-services-gcm:10.2.4] AndroidManifest.xml:17:5-43
MERGED from [com.google.firebase:firebase-appindexing:10.2.4] AndroidManifest.xml:17:5-43
MERGED from [com.google.android.gms:play-services-iid:10.2.4] AndroidManifest.xml:17:5-43
MERGED from [com.google.android.gms:play-services-instantapps:10.2.4] AndroidManifest.xml:3:5-43
MERGED from [com.google.android.gms:play-services-location:10.2.4] AndroidManifest.xml:3:5-43
MERGED from [com.google.android.gms:play-services-nearby:10.2.4] AndroidManifest.xml:3:5-43
MERGED from [com.google.android.gms:play-services-panorama:10.2.4] AndroidManifest.xml:17:5-43
MERGED from [com.google.android.gms:play-services-places:10.2.4] AndroidManifest.xml:17:5-43
MERGED from [com.google.android.gms:play-services-plus:10.2.4] AndroidManifest.xml:17:5-43
MERGED from [com.google.android.gms:play-services-safetynet:10.2.4] AndroidManifest.xml:17:5-43
MERGED from [com.google.android.gms:play-services-tagmanager:10.2.4] AndroidManifest.xml:17:5-43
MERGED from [com.google.android.gms:play-services-tagmanager-api:10.2.4] AndroidManifest.xml:17:5-43
MERGED from [com.google.firebase:firebase-analytics:10.2.4] AndroidManifest.xml:17:5-43
MERGED from [com.google.firebase:firebase-analytics-impl:10.2.4] AndroidManifest.xml:17:5-43
MERGED from [com.google.firebase:firebase-iid:10.2.4] AndroidManifest.xml:17:5-43
MERGED from [com.google.firebase:firebase-common:10.2.4] AndroidManifest.xml:3:5-43
MERGED from [com.google.android.gms:play-services-tagmanager-v4-impl:10.2.4] AndroidManifest.xml:17:5-43
MERGED from [com.google.android.gms:play-services-analytics-impl:10.2.4] AndroidManifest.xml:17:5-43
MERGED from [com.google.android.gms:play-services-vision:10.2.4] AndroidManifest.xml:3:5-43
MERGED from [com.google.android.gms:play-services-wallet:10.2.4] AndroidManifest.xml:18:5-43
MERGED from [com.google.android.gms:play-services-identity:10.2.4] AndroidManifest.xml:17:5-43
MERGED from [com.google.android.gms:play-services-maps:10.2.4] AndroidManifest.xml:23:5-43
MERGED from [com.google.android.gms:play-services-wearable:10.2.4] AndroidManifest.xml:17:5-43
MERGED from [com.google.android.gms:play-services-base:10.2.4] AndroidManifest.xml:17:5-43
MERGED from [com.google.android.gms:play-services-tasks:10.2.4] AndroidManifest.xml:3:5-43
MERGED from [com.google.android.gms:play-services-basement:10.2.4] AndroidManifest.xml:17:5-43
MERGED from [com.android.support:support-v4:24.0.0] AndroidManifest.xml:21:5-23:54
	tools:overrideLibrary
		ADDED from [com.android.support:appcompat-v7:24.0.0] AndroidManifest.xml:23:9-75
	android:targetSdkVersion
		ADDED from src\main\AndroidManifest.xml:10:42-71
		INJECTED from src\main\AndroidManifest.xml
		INJECTED from src\main\AndroidManifest.xml
	android:minSdkVersion
		ADDED from src\main\AndroidManifest.xml:10:15-41
		INJECTED from src\main\AndroidManifest.xml
		INJECTED from src\main\AndroidManifest.xml
uses-feature#android.hardware.bluetooth
ADDED from src\main\AndroidManifest.xml:12:5-87
	android:required
		ADDED from src\main\AndroidManifest.xml:12:61-84
	android:name
		ADDED from src\main\AndroidManifest.xml:12:19-60
uses-feature#android.hardware.bluetooth_le
ADDED from src\main\AndroidManifest.xml:13:5-90
	android:required
		ADDED from src\main\AndroidManifest.xml:13:64-87
	android:name
		ADDED from src\main\AndroidManifest.xml:13:19-63
uses-feature#android.hardware.location
ADDED from src\main\AndroidManifest.xml:14:5-86
	android:required
		ADDED from src\main\AndroidManifest.xml:14:60-83
	android:name
		ADDED from src\main\AndroidManifest.xml:14:19-59
uses-feature#android.hardware.location.gps
ADDED from src\main\AndroidManifest.xml:15:5-90
	android:required
		ADDED from src\main\AndroidManifest.xml:15:64-87
	android:name
		ADDED from src\main\AndroidManifest.xml:15:19-63
uses-feature#android.hardware.location.network
ADDED from src\main\AndroidManifest.xml:16:5-94
	android:required
		ADDED from src\main\AndroidManifest.xml:16:68-91
	android:name
		ADDED from src\main\AndroidManifest.xml:16:19-67
uses-feature#android.hardware.wifi
ADDED from src\main\AndroidManifest.xml:17:5-82
	android:required
		ADDED from src\main\AndroidManifest.xml:17:56-79
	android:name
		ADDED from src\main\AndroidManifest.xml:17:19-55
uses-feature#0x00020000
ADDED from src\main\AndroidManifest.xml:18:5-78
MERGED from [com.google.android.gms:play-services-maps:10.2.4] AndroidManifest.xml:21:5-77
	android:glEsVersion
		ADDED from src\main\AndroidManifest.xml:18:19-51
	android:required
		ADDED from src\main\AndroidManifest.xml:18:52-75
uses-permission#android.permission.ACCESS_FINE_LOCATION
ADDED from src\main\AndroidManifest.xml:20:2-76
	android:name
		ADDED from src\main\AndroidManifest.xml:20:19-73
uses-permission#android.permission.ACCESS_NETWORK_STATE
ADDED from src\main\AndroidManifest.xml:21:5-79
MERGED from [com.google.android.gms:play-services-ads-lite:10.2.4] AndroidManifest.xml:20:5-78
MERGED from [com.google.android.gms:play-services-analytics:10.2.4] AndroidManifest.xml:21:5-78
MERGED from [com.google.android.gms:play-services-nearby:10.2.4] AndroidManifest.xml:4:5-78
MERGED from [com.google.android.gms:play-services-tagmanager-api:10.2.4] AndroidManifest.xml:21:5-78
MERGED from [com.google.firebase:firebase-analytics:10.2.4] AndroidManifest.xml:21:5-78
MERGED from [com.google.firebase:firebase-analytics-impl:10.2.4] AndroidManifest.xml:21:5-78
MERGED from [com.google.firebase:firebase-iid:10.2.4] AndroidManifest.xml:19:5-78
MERGED from [com.google.android.gms:play-services-analytics-impl:10.2.4] AndroidManifest.xml:21:5-78
MERGED from [com.google.android.gms:play-services-maps:10.2.4] AndroidManifest.xml:19:5-78
	android:name
		ADDED from src\main\AndroidManifest.xml:21:22-76
uses-permission#android.permission.BLUETOOTH
ADDED from src\main\AndroidManifest.xml:22:5-68
	android:name
		ADDED from src\main\AndroidManifest.xml:22:22-65
uses-permission#android.permission.BLUETOOTH_ADMIN
ADDED from src\main\AndroidManifest.xml:23:5-74
	android:name
		ADDED from src\main\AndroidManifest.xml:23:22-71
uses-permission#android.permission.CALL_PHONE
ADDED from src\main\AndroidManifest.xml:24:5-69
	android:name
		ADDED from src\main\AndroidManifest.xml:24:22-66
uses-permission#android.permission.INTERNET
ADDED from src\main\AndroidManifest.xml:25:5-67
MERGED from [com.google.android.gms:play-services-ads-lite:10.2.4] AndroidManifest.xml:19:5-66
MERGED from [com.google.android.gms:play-services-analytics:10.2.4] AndroidManifest.xml:20:5-66
MERGED from [com.google.android.gms:play-services-appinvite:10.2.4] AndroidManifest.xml:18:5-66
MERGED from [com.google.firebase:firebase-crash:10.2.4] AndroidManifest.xml:18:5-66
MERGED from [com.google.android.gms:play-services-gcm:10.2.4] AndroidManifest.xml:21:5-66
MERGED from [com.google.android.gms:play-services-iid:10.2.4] AndroidManifest.xml:21:5-66
MERGED from [com.google.android.gms:play-services-tagmanager-api:10.2.4] AndroidManifest.xml:20:5-66
MERGED from [com.google.firebase:firebase-analytics:10.2.4] AndroidManifest.xml:20:5-66
MERGED from [com.google.firebase:firebase-analytics-impl:10.2.4] AndroidManifest.xml:20:5-66
MERGED from [com.google.firebase:firebase-iid:10.2.4] AndroidManifest.xml:20:5-66
MERGED from [com.google.android.gms:play-services-analytics-impl:10.2.4] AndroidManifest.xml:20:5-66
MERGED from [com.google.android.gms:play-services-maps:10.2.4] AndroidManifest.xml:20:5-66
	android:name
		ADDED from src\main\AndroidManifest.xml:25:22-64
uses-permission#android.permission.READ_PHONE_STATE
ADDED from src\main\AndroidManifest.xml:26:5-75
	android:name
		ADDED from src\main\AndroidManifest.xml:26:22-72
uses-permission#android.permission.STORAGE
ADDED from src\main\AndroidManifest.xml:27:5-66
	android:name
		ADDED from src\main\AndroidManifest.xml:27:22-63
uses-permission#android.permission.WAKE_LOCK
ADDED from src\main\AndroidManifest.xml:28:5-68
MERGED from [com.google.android.gms:play-services-analytics:10.2.4] AndroidManifest.xml:24:5-67
MERGED from [com.google.firebase:firebase-analytics:10.2.4] AndroidManifest.xml:22:5-67
MERGED from [com.google.firebase:firebase-analytics-impl:10.2.4] AndroidManifest.xml:22:5-67
MERGED from [com.google.firebase:firebase-iid:10.2.4] AndroidManifest.xml:21:5-67
MERGED from [com.google.android.gms:play-services-analytics-impl:10.2.4] AndroidManifest.xml:24:5-67
	android:name
		ADDED from src\main\AndroidManifest.xml:28:22-65
uses-permission#android.permission.WRITE_EXTERNAL_STORAGE
ADDED from src\main\AndroidManifest.xml:29:5-81
	android:name
		ADDED from src\main\AndroidManifest.xml:29:22-78
uses-permission#com.google.android.providers.gsf.permission.READ_GSERVICES
ADDED from src\main\AndroidManifest.xml:30:5-98
	android:name
		ADDED from src\main\AndroidManifest.xml:30:22-95
application
ADDED from src\main\AndroidManifest.xml:34:5-82:19
MERGED from [com.google.android.gms:play-services:10.2.4] AndroidManifest.xml:5:5-20
MERGED from [com.google.android.gms:play-services-ads-lite:10.2.4] AndroidManifest.xml:23:5-27:19
MERGED from [com.google.android.gms:play-services-analytics:10.2.4] AndroidManifest.xml:26:5-19
MERGED from [com.google.android.gms:play-services-appinvite:10.2.4] AndroidManifest.xml:19:5-26:19
MERGED from [com.google.android.gms:play-services-auth:10.2.4] AndroidManifest.xml:19:5-25:19
MERGED from [com.google.android.gms:play-services-cast-framework:10.2.4] AndroidManifest.xml:4:5-8:19
MERGED from [com.google.android.gms:play-services-cast:10.2.4] AndroidManifest.xml:18:5-19
MERGED from [com.android.support:mediarouter-v7:24.0.0] AndroidManifest.xml:22:5-20
MERGED from [com.android.support:palette-v7:24.0.0] AndroidManifest.xml:22:5-23:19
MERGED from [com.android.support:appcompat-v7:24.0.0] AndroidManifest.xml:25:5-20
MERGED from [com.android.support:animated-vector-drawable:24.0.0] AndroidManifest.xml:22:5-20
MERGED from [com.android.support:support-vector-drawable:24.0.0] AndroidManifest.xml:23:5-20
MERGED from [com.google.android.gms:play-services-clearcut:10.2.4] AndroidManifest.xml:18:5-19
MERGED from [com.google.firebase:firebase-config:10.2.4] AndroidManifest.xml:18:5-19
MERGED from [com.google.android.gms:play-services-awareness:10.2.4] AndroidManifest.xml:18:5-19
MERGED from [com.google.firebase:firebase-crash:10.2.4] AndroidManifest.xml:22:5-23:19
MERGED from [com.google.firebase:firebase-auth:10.2.4] AndroidManifest.xml:19:5-20:19
MERGED from [com.google.firebase:firebase-messaging:10.2.4] AndroidManifest.xml:19:5-29:19
MERGED from [com.google.android.gms:play-services-fitness:10.2.4] AndroidManifest.xml:18:5-19
MERGED from [com.google.android.gms:play-services-games:10.2.4] AndroidManifest.xml:18:5-19
MERGED from [com.google.android.gms:play-services-drive:10.2.4] AndroidManifest.xml:18:5-19
MERGED from [com.google.android.gms:play-services-gass:10.2.4] AndroidManifest.xml:4:5-19
MERGED from [com.google.android.gms:play-services-gcm:10.2.4] AndroidManifest.xml:23:5-19
MERGED from [com.google.firebase:firebase-appindexing:10.2.4] AndroidManifest.xml:18:5-19
MERGED from [com.google.android.gms:play-services-iid:10.2.4] AndroidManifest.xml:23:5-19
MERGED from [com.google.android.gms:play-services-location:10.2.4] AndroidManifest.xml:4:5-19
MERGED from [com.google.android.gms:play-services-nearby:10.2.4] AndroidManifest.xml:5:5-19
MERGED from [com.google.android.gms:play-services-panorama:10.2.4] AndroidManifest.xml:18:5-19
MERGED from [com.google.android.gms:play-services-places:10.2.4] AndroidManifest.xml:18:5-19
MERGED from [com.google.android.gms:play-services-plus:10.2.4] AndroidManifest.xml:18:5-19
MERGED from [com.google.android.gms:play-services-safetynet:10.2.4] AndroidManifest.xml:18:5-19
MERGED from [com.google.android.gms:play-services-tagmanager-api:10.2.4] AndroidManifest.xml:23:5-33:19
MERGED from [com.google.firebase:firebase-analytics:10.2.4] AndroidManifest.xml:24:5-33:19
MERGED from [com.google.firebase:firebase-analytics-impl:10.2.4] AndroidManifest.xml:24:5-28:19
MERGED from [com.google.firebase:firebase-iid:10.2.4] AndroidManifest.xml:28:5-49:19
MERGED from [com.google.firebase:firebase-common:10.2.4] AndroidManifest.xml:4:5-7:19
MERGED from [com.google.android.gms:play-services-tagmanager-v4-impl:10.2.4] AndroidManifest.xml:19:5-19
MERGED from [com.google.android.gms:play-services-analytics-impl:10.2.4] AndroidManifest.xml:26:5-19
MERGED from [com.google.android.gms:play-services-vision:10.2.4] AndroidManifest.xml:4:5-19
MERGED from [com.google.android.gms:play-services-identity:10.2.4] AndroidManifest.xml:18:5-19
MERGED from [com.google.android.gms:play-services-maps:10.2.4] AndroidManifest.xml:24:5-19
MERGED from [com.google.android.gms:play-services-wearable:10.2.4] AndroidManifest.xml:18:5-19
MERGED from [com.google.android.gms:play-services-base:10.2.4] AndroidManifest.xml:18:5-20:19
MERGED from [com.google.android.gms:play-services-tasks:10.2.4] AndroidManifest.xml:4:5-19
MERGED from [com.google.android.gms:play-services-basement:10.2.4] AndroidManifest.xml:19:5-21:19
MERGED from [com.android.support:support-v4:24.0.0] AndroidManifest.xml:25:5-20
	android:label
		ADDED from src\main\AndroidManifest.xml:37:9-41
	android:allowBackup
		ADDED from src\main\AndroidManifest.xml:35:9-35
	android:icon
		ADDED from src\main\AndroidManifest.xml:36:9-45
	android:theme
		ADDED from src\main\AndroidManifest.xml:38:9-40
	android:name
		ADDED from src\main\AndroidManifest.xml:39:9-68
meta-data#com.google.android.gms.version
ADDED from src\main\AndroidManifest.xml:40:9-42:69
MERGED from [com.google.android.gms:play-services-basement:10.2.4] AndroidManifest.xml:20:9-121
	android:value
		ADDED from src\main\AndroidManifest.xml:42:13-66
	android:name
		ADDED from src\main\AndroidManifest.xml:41:13-58
meta-data#com.google.android.geo.API_KEY
ADDED from src\main\AndroidManifest.xml:43:9-45:71
	android:value
		ADDED from src\main\AndroidManifest.xml:45:13-68
	android:name
		ADDED from src\main\AndroidManifest.xml:44:13-58
activity#tw.edu.nkfust.eHat.BeginActivity
ADDED from src\main\AndroidManifest.xml:47:9-56:20
	android:screenOrientation
		ADDED from src\main\AndroidManifest.xml:50:13-49
	android:label
		ADDED from src\main\AndroidManifest.xml:49:13-45
	android:name
		ADDED from src\main\AndroidManifest.xml:48:13-60
intent-filter#android.intent.action.MAIN+android.intent.category.LAUNCHER
ADDED from src\main\AndroidManifest.xml:51:13-55:29
action#android.intent.action.MAIN
ADDED from src\main\AndroidManifest.xml:52:17-69
	android:name
		ADDED from src\main\AndroidManifest.xml:52:25-66
category#android.intent.category.LAUNCHER
ADDED from src\main\AndroidManifest.xml:54:17-77
	android:name
		ADDED from src\main\AndroidManifest.xml:54:27-74
activity#tw.edu.nkfust.eHat.MainActivity
ADDED from src\main\AndroidManifest.xml:57:9-64:20
	android:screenOrientation
		ADDED from src\main\AndroidManifest.xml:60:13-49
	android:label
		ADDED from src\main\AndroidManifest.xml:59:13-56
	android:name
		ADDED from src\main\AndroidManifest.xml:58:13-59
intent-filter#android.intent.action.CALL
ADDED from src\main\AndroidManifest.xml:61:13-63:29
action#android.intent.action.CALL
ADDED from src\main\AndroidManifest.xml:62:17-69
	android:name
		ADDED from src\main\AndroidManifest.xml:62:25-66
activity#tw.edu.nkfust.eHat.TimePickerRing
ADDED from src\main\AndroidManifest.xml:65:9-66:20
	android:name
		ADDED from src\main\AndroidManifest.xml:65:19-67
receiver#tw.edu.nkfust.eHat.TimePickerReceiver
ADDED from src\main\AndroidManifest.xml:68:9-74
	android:name
		ADDED from src\main\AndroidManifest.xml:68:19-71
service#tw.edu.nkfust.eHat.RFduinoService
ADDED from src\main\AndroidManifest.xml:70:9-69
	android:name
		ADDED from src\main\AndroidManifest.xml:70:18-66
activity#tw.edu.nkfust.eHat.AddressListActivity
ADDED from src\main\AndroidManifest.xml:72:9-76:20
	android:screenOrientation
		ADDED from src\main\AndroidManifest.xml:75:13-49
	android:label
		ADDED from src\main\AndroidManifest.xml:74:13-64
	android:name
		ADDED from src\main\AndroidManifest.xml:73:13-66
activity#tw.edu.nkfust.eHat.PathListActivity
ADDED from src\main\AndroidManifest.xml:77:9-81:20
	android:screenOrientation
		ADDED from src\main\AndroidManifest.xml:80:13-49
	android:label
		ADDED from src\main\AndroidManifest.xml:79:13-61
	android:name
		ADDED from src\main\AndroidManifest.xml:78:13-63
activity#com.google.android.gms.ads.AdActivity
ADDED from [com.google.android.gms:play-services-ads-lite:10.2.4] AndroidManifest.xml:25:9-232
	android:configChanges
		ADDED from [com.google.android.gms:play-services-ads-lite:10.2.4] AndroidManifest.xml:25:72-181
	android:theme
		ADDED from [com.google.android.gms:play-services-ads-lite:10.2.4] AndroidManifest.xml:25:182-230
	android:name
		ADDED from [com.google.android.gms:play-services-ads-lite:10.2.4] AndroidManifest.xml:25:19-71
activity#com.google.android.gms.ads.purchase.InAppPurchaseActivity
ADDED from [com.google.android.gms:play-services-ads-lite:10.2.4] AndroidManifest.xml:26:9-131
	android:theme
		ADDED from [com.google.android.gms:play-services-ads-lite:10.2.4] AndroidManifest.xml:26:92-129
	android:name
		ADDED from [com.google.android.gms:play-services-ads-lite:10.2.4] AndroidManifest.xml:26:19-91
activity#com.google.android.gms.appinvite.PreviewActivity
ADDED from [com.google.android.gms:play-services-appinvite:10.2.4] AndroidManifest.xml:20:9-25:20
	android:exported
		ADDED from [com.google.android.gms:play-services-appinvite:10.2.4] AndroidManifest.xml:20:51-74
	android:theme
		ADDED from [com.google.android.gms:play-services-appinvite:10.2.4] AndroidManifest.xml:20:75-121
	android:name
		ADDED from [com.google.android.gms:play-services-appinvite:10.2.4] AndroidManifest.xml:20:19-50
intent-filter#android.intent.category.DEFAULT+com.google.android.gms.appinvite.ACTION_PREVIEW
ADDED from [com.google.android.gms:play-services-appinvite:10.2.4] AndroidManifest.xml:21:13-24:29
action#com.google.android.gms.appinvite.ACTION_PREVIEW
ADDED from [com.google.android.gms:play-services-appinvite:10.2.4] AndroidManifest.xml:22:17-89
	android:name
		ADDED from [com.google.android.gms:play-services-appinvite:10.2.4] AndroidManifest.xml:22:25-87
category#android.intent.category.DEFAULT
ADDED from [com.google.android.gms:play-services-appinvite:10.2.4] AndroidManifest.xml:23:17-75
	android:name
		ADDED from [com.google.android.gms:play-services-appinvite:10.2.4] AndroidManifest.xml:23:27-73
activity#com.google.android.gms.auth.api.signin.internal.SignInHubActivity
ADDED from [com.google.android.gms:play-services-auth:10.2.4] AndroidManifest.xml:20:9-189
	android:excludeFromRecents
		ADDED from [com.google.android.gms:play-services-auth:10.2.4] AndroidManifest.xml:20:129-162
	android:exported
		ADDED from [com.google.android.gms:play-services-auth:10.2.4] AndroidManifest.xml:20:163-187
	android:theme
		ADDED from [com.google.android.gms:play-services-auth:10.2.4] AndroidManifest.xml:20:69-128
	android:name
		ADDED from [com.google.android.gms:play-services-auth:10.2.4] AndroidManifest.xml:20:19-68
service#com.google.android.gms.auth.api.signin.RevocationBoundService
ADDED from [com.google.android.gms:play-services-auth:10.2.4] AndroidManifest.xml:24:9-184
	android:exported
		ADDED from [com.google.android.gms:play-services-auth:10.2.4] AndroidManifest.xml:24:64-87
	android:permission
		ADDED from [com.google.android.gms:play-services-auth:10.2.4] AndroidManifest.xml:24:88-182
	android:name
		ADDED from [com.google.android.gms:play-services-auth:10.2.4] AndroidManifest.xml:24:18-63
receiver#com.google.android.gms.cast.framework.media.MediaIntentReceiver
ADDED from [com.google.android.gms:play-services-cast-framework:10.2.4] AndroidManifest.xml:5:9-99
	android:name
		ADDED from [com.google.android.gms:play-services-cast-framework:10.2.4] AndroidManifest.xml:5:19-97
service#com.google.android.gms.cast.framework.media.MediaNotificationService
ADDED from [com.google.android.gms:play-services-cast-framework:10.2.4] AndroidManifest.xml:6:9-103
	android:name
		ADDED from [com.google.android.gms:play-services-cast-framework:10.2.4] AndroidManifest.xml:6:18-101
service#com.google.android.gms.cast.framework.ReconnectionService
ADDED from [com.google.android.gms:play-services-cast-framework:10.2.4] AndroidManifest.xml:7:9-92
	android:name
		ADDED from [com.google.android.gms:play-services-cast-framework:10.2.4] AndroidManifest.xml:7:18-90
service#com.google.firebase.messaging.FirebaseMessagingService
ADDED from [com.google.firebase:firebase-messaging:10.2.4] AndroidManifest.xml:23:9-27:19
	android:exported
		ADDED from [com.google.firebase:firebase-messaging:10.2.4] AndroidManifest.xml:23:88-111
	android:name
		ADDED from [com.google.firebase:firebase-messaging:10.2.4] AndroidManifest.xml:23:18-87
intent-filter#com.google.firebase.MESSAGING_EVENT
ADDED from [com.google.firebase:firebase-messaging:10.2.4] AndroidManifest.xml:24:13-26:29
	android:priority
		ADDED from [com.google.firebase:firebase-messaging:10.2.4] AndroidManifest.xml:24:28-51
action#com.google.firebase.MESSAGING_EVENT
ADDED from [com.google.firebase:firebase-messaging:10.2.4] AndroidManifest.xml:25:17-77
	android:name
		ADDED from [com.google.firebase:firebase-messaging:10.2.4] AndroidManifest.xml:25:25-75
uses-permission#com.google.android.c2dm.permission.RECEIVE
ADDED from [com.google.android.gms:play-services-gcm:10.2.4] AndroidManifest.xml:20:5-81
MERGED from [com.google.android.gms:play-services-iid:10.2.4] AndroidManifest.xml:20:5-81
MERGED from [com.google.firebase:firebase-iid:10.2.4] AndroidManifest.xml:22:5-81
	android:name
		ADDED from [com.google.android.gms:play-services-gcm:10.2.4] AndroidManifest.xml:20:22-79
service#com.google.android.gms.tagmanager.TagManagerService
ADDED from [com.google.android.gms:play-services-tagmanager-api:10.2.4] AndroidManifest.xml:24:9-134
	android:enabled
		ADDED from [com.google.android.gms:play-services-tagmanager-api:10.2.4] AndroidManifest.xml:24:110-132
	android:exported
		ADDED from [com.google.android.gms:play-services-tagmanager-api:10.2.4] AndroidManifest.xml:24:85-109
	android:name
		ADDED from [com.google.android.gms:play-services-tagmanager-api:10.2.4] AndroidManifest.xml:24:18-84
activity#com.google.android.gms.tagmanager.TagManagerPreviewActivity
ADDED from [com.google.android.gms:play-services-tagmanager-api:10.2.4] AndroidManifest.xml:25:9-32:20
	android:noHistory
		ADDED from [com.google.android.gms:play-services-tagmanager-api:10.2.4] AndroidManifest.xml:25:94-118
	android:name
		ADDED from [com.google.android.gms:play-services-tagmanager-api:10.2.4] AndroidManifest.xml:25:19-93
intent-filter#android.intent.action.VIEW+android.intent.category.BROWSABLE+android.intent.category.DEFAULT
ADDED from [com.google.android.gms:play-services-tagmanager-api:10.2.4] AndroidManifest.xml:26:13-31:29
data
ADDED from [com.google.android.gms:play-services-tagmanager-api:10.2.4] AndroidManifest.xml:27:17-71
	android:scheme
		ADDED from [com.google.android.gms:play-services-tagmanager-api:10.2.4] AndroidManifest.xml:27:23-69
action#android.intent.action.VIEW
ADDED from [com.google.android.gms:play-services-tagmanager-api:10.2.4] AndroidManifest.xml:28:17-68
	android:name
		ADDED from [com.google.android.gms:play-services-tagmanager-api:10.2.4] AndroidManifest.xml:28:25-66
category#android.intent.category.BROWSABLE
ADDED from [com.google.android.gms:play-services-tagmanager-api:10.2.4] AndroidManifest.xml:30:17-77
	android:name
		ADDED from [com.google.android.gms:play-services-tagmanager-api:10.2.4] AndroidManifest.xml:30:27-75
receiver#com.google.android.gms.measurement.AppMeasurementReceiver
ADDED from [com.google.firebase:firebase-analytics:10.2.4] AndroidManifest.xml:25:7-26:18
MERGED from [com.google.firebase:firebase-analytics-impl:10.2.4] AndroidManifest.xml:25:7-26:18
	android:enabled
		ADDED from [com.google.firebase:firebase-analytics:10.2.4] AndroidManifest.xml:25:90-112
	android:exported
		ADDED from [com.google.firebase:firebase-analytics:10.2.4] AndroidManifest.xml:25:113-137
	android:name
		ADDED from [com.google.firebase:firebase-analytics:10.2.4] AndroidManifest.xml:25:17-89
receiver#com.google.android.gms.measurement.AppMeasurementInstallReferrerReceiver
ADDED from [com.google.firebase:firebase-analytics:10.2.4] AndroidManifest.xml:27:7-31:18
	android:enabled
		ADDED from [com.google.firebase:firebase-analytics:10.2.4] AndroidManifest.xml:27:162-184
	android:permission
		ADDED from [com.google.firebase:firebase-analytics:10.2.4] AndroidManifest.xml:27:105-161
	android:name
		ADDED from [com.google.firebase:firebase-analytics:10.2.4] AndroidManifest.xml:27:17-104
intent-filter#com.android.vending.INSTALL_REFERRER
ADDED from [com.google.firebase:firebase-analytics:10.2.4] AndroidManifest.xml:28:11-30:27
action#com.android.vending.INSTALL_REFERRER
ADDED from [com.google.firebase:firebase-analytics:10.2.4] AndroidManifest.xml:29:15-76
	android:name
		ADDED from [com.google.firebase:firebase-analytics:10.2.4] AndroidManifest.xml:29:23-74
service#com.google.android.gms.measurement.AppMeasurementService
ADDED from [com.google.firebase:firebase-analytics:10.2.4] AndroidManifest.xml:32:7-137
MERGED from [com.google.firebase:firebase-analytics-impl:10.2.4] AndroidManifest.xml:27:7-137
	android:enabled
		ADDED from [com.google.firebase:firebase-analytics:10.2.4] AndroidManifest.xml:32:88-110
	android:exported
		ADDED from [com.google.firebase:firebase-analytics:10.2.4] AndroidManifest.xml:32:111-135
	android:name
		ADDED from [com.google.firebase:firebase-analytics:10.2.4] AndroidManifest.xml:32:16-87
permission#${applicationId}.permission.C2D_MESSAGE
ADDED from [com.google.firebase:firebase-iid:10.2.4] AndroidManifest.xml:24:5-109
	android:protectionLevel
		ADDED from [com.google.firebase:firebase-iid:10.2.4] AndroidManifest.xml:24:72-107
	android:name
		ADDED from [com.google.firebase:firebase-iid:10.2.4] AndroidManifest.xml:24:17-71
uses-permission#${applicationId}.permission.C2D_MESSAGE
ADDED from [com.google.firebase:firebase-iid:10.2.4] AndroidManifest.xml:26:5-78
	android:name
		ADDED from [com.google.firebase:firebase-iid:10.2.4] AndroidManifest.xml:26:22-76
receiver#com.google.firebase.iid.FirebaseInstanceIdReceiver
ADDED from [com.google.firebase:firebase-iid:10.2.4] AndroidManifest.xml:30:9-35:20
	android:exported